<?xml version="1.0" encoding="UTF-8"?>
<!-- Generated by org.testng.reporters.JUnitReportReporter -->
<testsuite hostname="DESKTOP-HQEDTVA" failures="0" tests="3" name="Runner.Runner" time="0.288" errors="0" timestamp="2022-07-26T14:40:44 EDT" skipped="0">
  <testcase classname="Runner.Runner" name="runScenario" time="0.030"/>
  <system-out/>
  <testcase classname="Runner.Runner" name="runScenario" time="0.040"/>
  <system-out/>
  <testcase classname="Runner.Runner" name="runScenario" time="0.218"/>
  <system-out/>
</testsuite> <!-- Runner.Runner -->
